<?xml version="1.0" encoding="UTF-8"?>
<!-- Generated by org.testng.reporters.JUnitXMLReporter -->
<testsuite ignored="0" hostname="DESKTOP-67L8E2C" failures="4" tests="6" name="SwagLabsProject" time="102.984" errors="0" timestamp="2024-09-27T22:57:18 IST">
  <testcase classname="com.SwagLabs.TestCases.TC_TestCaseLogin_001" name="LoginTest" time="18.214"/>
  <testcase classname="com.SwagLabs.TestCases.TC_TestCaseLogin_001" name="LoginTest" time="15.567">
    <failure type="java.lang.AssertionError" message="expected [true] but found [false]">
      <![CDATA[java.lang.AssertionError: expected [true] but found [false]
at com.SwagLabs.TestCases.TC_TestCaseLogin_001.LoginTest(TC_TestCaseLogin_001.java:34)
at java.base/java.util.ArrayList.forEach(ArrayList.java:1511)
... Removed 35 stack frames]]>
    </failure>
  </testcase> <!-- LoginTest -->
  <testcase classname="com.SwagLabs.TestCases.TC_TestCaseLogin_001" name="LoginTest" time="15.587">
    <failure type="java.lang.AssertionError" message="expected [true] but found [false]">
      <![CDATA[java.lang.AssertionError: expected [true] but found [false]
at com.SwagLabs.TestCases.TC_TestCaseLogin_001.LoginTest(TC_TestCaseLogin_001.java:34)
at java.base/java.util.ArrayList.forEach(ArrayList.java:1511)
... Removed 35 stack frames]]>
    </failure>
  </testcase> <!-- LoginTest -->
  <testcase classname="com.SwagLabs.TestCases.TC_TestCaseLogin_001" name="LoginTest" time="15.468">
    <failure type="java.lang.AssertionError" message="expected [true] but found [false]">
      <![CDATA[java.lang.AssertionError: expected [true] but found [false]
at com.SwagLabs.TestCases.TC_TestCaseLogin_001.LoginTest(TC_TestCaseLogin_001.java:34)
at java.base/java.util.ArrayList.forEach(ArrayList.java:1511)
... Removed 35 stack frames]]>
    </failure>
  </testcase> <!-- LoginTest -->
  <testcase classname="com.SwagLabs.TestCases.TC_TestCaseLogin_001" name="LoginTest" time="15.485">
    <failure type="java.lang.AssertionError" message="expected [true] but found [false]">
      <![CDATA[java.lang.AssertionError: expected [true] but found [false]
at com.SwagLabs.TestCases.TC_TestCaseLogin_001.LoginTest(TC_TestCaseLogin_001.java:34)
at java.base/java.util.ArrayList.forEach(ArrayList.java:1511)
... Removed 35 stack frames]]>
    </failure>
  </testcase> <!-- LoginTest -->
  <testcase classname="com.SwagLabs.TestCases.TC_TestCaseLogin_001" name="LoginTest" time="15.876"/>
</testsuite> <!-- SwagLabsProject -->
